<?xml version="1.0" encoding="UTF-8"?>
<!-- Generated by org.testng.reporters.JUnitXMLReporter -->
<testsuite hostname="DESKTOP-47K03DD" ignored="0" name="Default test" tests="5" failures="0" timestamp="03 Oct 2018 18:28:59 GMT" time="72.32" errors="0">
  <testcase name="without_Enter_Email_Id_Verify" time="11.187" classname="com.qa.TestScript.LoginTestScript"/>
  <testcase name="invalid_Enter_Email_Id_Verify" time="4.211" classname="com.qa.TestScript.LoginTestScript"/>
  <testcase name="valid_Enter_Email_Id_Verify" time="2.752" classname="com.qa.TestScript.LoginTestScript"/>
  <testcase name="invalid_password" time="4.564" classname="com.qa.TestScript.LoginTestScript"/>
  <testcase name="valid_password" time="3.628" classname="com.qa.TestScript.LoginTestScript"/>
</testsuite> <!-- Default test -->
