<?xml version="1.0" encoding="UTF-8"?>
<!-- Generated by org.testng.reporters.JUnitXMLReporter -->
<testsuite hostname="DESKTOP-47K03DD" ignored="0" name="Default test" tests="6" failures="0" timestamp="20 Aug 2018 17:55:17 GMT" time="63.789" errors="0">
  <testcase name="without_Enter_Email_Id_Verify" time="12.014" classname="com.qa.TestScript.GeneralLoginTestScript"/>
  <testcase name="valid_Enter_Email_Id_Verify" time="4.486" classname="com.qa.TestScript.GeneralLoginTestScript"/>
  <testcase name="Without_Enter_name" time="0.86" classname="com.qa.TestScript.GeneralLoginTestScript"/>
  <testcase name="Enter_name" time="2.306" classname="com.qa.TestScript.GeneralLoginTestScript"/>
  <testcase name="phone_number" time="2.004" classname="com.qa.TestScript.GeneralLoginTestScript"/>
  <testcase name="lessw_Word_password" time="2.29" classname="com.qa.TestScript.GeneralLoginTestScript"/>
</testsuite> <!-- Default test -->
