<?xml version="1.0" encoding="UTF-8"?>
<testng-results skipped="0" failed="0" ignored="0" total="5" passed="5">
  <reporter-output>
  </reporter-output>
  <suite name="Default suite" duration-ms="72320" started-at="2018-10-03T18:27:47Z" finished-at="2018-10-03T18:28:59Z">
    <groups>
    </groups>
    <test name="Default test" duration-ms="72320" started-at="2018-10-03T18:27:47Z" finished-at="2018-10-03T18:28:59Z">
      <class name="com.qa.TestScript.LoginTestScript">
        <test-method status="PASS" signature="setUp()[pri:0, instance:com.qa.TestScript.LoginTestScript@578486a3]" name="setUp" is-config="true" duration-ms="45907" started-at="2018-10-03T18:27:47Z" finished-at="2018-10-03T18:28:33Z">
          <reporter-output>
          </reporter-output>
        </test-method> <!-- setUp -->
        <test-method status="PASS" signature="without_Enter_Email_Id_Verify()[pri:1, instance:com.qa.TestScript.LoginTestScript@578486a3]" name="without_Enter_Email_Id_Verify" duration-ms="11187" started-at="2018-10-03T18:28:33Z" description="No need to Enter any Email id and click Continue Login" finished-at="2018-10-03T18:28:44Z">
          <reporter-output>
          </reporter-output>
        </test-method> <!-- without_Enter_Email_Id_Verify -->
        <test-method status="PASS" signature="invalid_Enter_Email_Id_Verify()[pri:2, instance:com.qa.TestScript.LoginTestScript@578486a3]" name="invalid_Enter_Email_Id_Verify" duration-ms="4211" started-at="2018-10-03T18:28:44Z" description="Enter Invalid Email id and click Continue Login" finished-at="2018-10-03T18:28:48Z">
          <reporter-output>
          </reporter-output>
        </test-method> <!-- invalid_Enter_Email_Id_Verify -->
        <test-method status="PASS" signature="valid_Enter_Email_Id_Verify()[pri:3, instance:com.qa.TestScript.LoginTestScript@578486a3]" name="valid_Enter_Email_Id_Verify" duration-ms="2752" started-at="2018-10-03T18:28:48Z" description="Enter Valid Email id and click Continue Login" finished-at="2018-10-03T18:28:51Z">
          <reporter-output>
          </reporter-output>
        </test-method> <!-- valid_Enter_Email_Id_Verify -->
        <test-method status="PASS" signature="invalid_password()[pri:4, instance:com.qa.TestScript.LoginTestScript@578486a3]" name="invalid_password" duration-ms="4564" started-at="2018-10-03T18:28:51Z" description="Enter Invalid Password" finished-at="2018-10-03T18:28:56Z">
          <reporter-output>
          </reporter-output>
        </test-method> <!-- invalid_password -->
        <test-method status="PASS" signature="valid_password()[pri:5, instance:com.qa.TestScript.LoginTestScript@578486a3]" name="valid_password" duration-ms="3628" started-at="2018-10-03T18:28:56Z" description="Enter valid Password" finished-at="2018-10-03T18:28:59Z">
          <reporter-output>
          </reporter-output>
        </test-method> <!-- valid_password -->
      </class> <!-- com.qa.TestScript.LoginTestScript -->
    </test> <!-- Default test -->
  </suite> <!-- Default suite -->
</testng-results>
